<?xml version="1.0" encoding="UTF-8"?>
<!-- Generated by org.testng.reporters.JUnitReportReporter -->
<testsuite hostname="Vihansh" failures="0" tests="1" name="Practice.testNGtesting" time="0.006" errors="0" timestamp="2023-10-15T16:54:27 IST" skipped="0">
  <testcase classname="Practice.testNGtesting" name="name" time="0.006"/>
</testsuite> <!-- Practice.testNGtesting -->
